[Mon Jul 07 14:08:13.046940 2025] [ssl:warn] [pid 8076:tid 448] AH01909: www.example.com:443:0 server certificate does NOT include an ID which matches the server name
[Mon Jul 07 14:08:13.097418 2025] [ssl:warn] [pid 8076:tid 448] AH01909: www.example.com:443:0 server certificate does NOT include an ID which matches the server name
PHP Warning:  'C:\\Windows\\SYSTEM32\\VCRUNTIME140.dll' 14.14 is not compatible with this PHP build linked with 14.29 in Unknown on line 0
[Mon Jul 07 14:08:13.102403 2025] [:emerg] [pid 8076:tid 448] AH00020: Configuration Failed, exiting
[Mon Jul 07 14:31:37.023065 2025] [ssl:warn] [pid 13680:tid 464] AH01909: www.example.com:443:0 server certificate does NOT include an ID which matches the server name
[Mon Jul 07 14:31:37.073786 2025] [core:warn] [pid 13680:tid 464] AH00098: pid file C:/xampp/apache/logs/httpd.pid overwritten -- Unclean shutdown of previous Apache run?
[Mon Jul 07 14:31:37.076785 2025] [ssl:warn] [pid 13680:tid 464] AH01909: www.example.com:443:0 server certificate does NOT include an ID which matches the server name
[Mon Jul 07 14:31:37.546910 2025] [mpm_winnt:notice] [pid 13680:tid 464] AH00455: Apache/2.4.58 (Win64) OpenSSL/3.1.3 PHP/8.0.30 configured -- resuming normal operations
[Mon Jul 07 14:31:37.546910 2025] [mpm_winnt:notice] [pid 13680:tid 464] AH00456: Apache Lounge VS17 Server built: Oct 18 2023 13:03:18
[Mon Jul 07 14:31:37.546910 2025] [core:notice] [pid 13680:tid 464] AH00094: Command line: 'apache\\bin\\httpd.exe -d C:/xampp/apache -f conf\\httpd.conf'
[Mon Jul 07 14:31:37.550934 2025] [mpm_winnt:notice] [pid 13680:tid 464] AH00418: Parent: Created child process 7072
Apache server shutdown initiated...
sl:warn] [pid 7072:tid 460] AH01909: www.example.com:443:0 server certificate does NOT include an ID which matches the server name
[Mon Jul 07 14:31:38.250752 2025] [ssl:warn] [pid 7072:tid 460] AH01909: www.example.com:443:0 server certificate does NOT include an ID which matches the server name
[Mon Jul 07 14:31:38.277095 2025] [mpm_winnt:notice] [pid 7072:tid 460] AH00354: Child: Starting 150 worker threads.
[Mon Jul 07 14:31:39.662150 2025] [mpm_winnt:notice] [pid 13680:tid 464] AH00422: Parent: Received shutdown signal -- Shutting down the server.
[Mon Jul 07 14:31:41.679680 2025] [mpm_winnt:notice] [pid 7072:tid 460] AH00364: Child: All worker threads have exited.
[Mon Jul 07 14:31:41.729177 2025] [mpm_winnt:notice] [pid 13680:tid 464] AH00430: Parent: Child process 7072 exited successfully.
[Mon Jul 07 14:32:13.208431 2025] [ssl:warn] [pid 11912:tid 472] AH01909: www.example.com:443:0 server certificate does NOT include an ID which matches the server name
[Mon Jul 07 14:32:13.245132 2025] [ssl:warn] [pid 11912:tid 472] AH01909: www.example.com:443:0 server certificate does NOT include an ID which matches the server name
[Mon Jul 07 14:32:13.267935 2025] [mpm_winnt:notice] [pid 11912:tid 472] AH00455: Apache/2.4.58 (Win64) OpenSSL/3.1.3 PHP/8.0.30 configured -- resuming normal operations
[Mon Jul 07 14:32:13.267935 2025] [mpm_winnt:notice] [pid 11912:tid 472] AH00456: Apache Lounge VS17 Server built: Oct 18 2023 13:03:18
[Mon Jul 07 14:32:13.267935 2025] [core:notice] [pid 11912:tid 472] AH00094: Command line: 'c:\\xampp\\apache\\bin\\httpd.exe -d C:/xampp/apache'
[Mon Jul 07 14:32:13.272051 2025] [mpm_winnt:notice] [pid 11912:tid 472] AH00418: Parent: Created child process 8112
[Mon Jul 07 14:32:13.756496 2025] [ssl:warn] [pid 8112:tid 460] AH01909: www.example.com:443:0 server certificate does NOT include an ID which matches the server name
[Mon Jul 07 14:32:13.791538 2025] [ssl:warn] [pid 8112:tid 460] AH01909: www.example.com:443:0 server certificate does NOT include an ID which matches the server name
[Mon Jul 07 14:32:13.813845 2025] [mpm_winnt:notice] [pid 8112:tid 460] AH00354: Child: Starting 150 worker threads.
